<?xml version="1.0" encoding="UTF-8"?>
<testsuite name="HammingTest" tests="9" skipped="0" failures="0" errors="0" timestamp="2020-11-13T14:25:11" hostname="TOMMIE" time="0.056">
  <properties/>
  <testcase name="testCompleteDistanceInSingleLetterDifferentStrands" classname="HammingTest" time="0.003"/>
  <testcase name="testNoDistanceBetweenEmptyStrands" classname="HammingTest" time="0.0"/>
  <testcase name="testNoDistanceBetweenShortIdenticalStrands" classname="HammingTest" time="0.001"/>
  <testcase name="testDisallowLeftEmptyStrand" classname="HammingTest" time="0.05"/>
  <testcase name="testDistanceInLongIdenticalStrands" classname="HammingTest" time="0.0"/>
  <testcase name="testDisallowRightEmptyStrand" classname="HammingTest" time="0.001"/>
  <testcase name="testDistanceInLongDifferentStrands" classname="HammingTest" time="0.0"/>
  <testcase name="testValidatesFirstStrandNotLonger" classname="HammingTest" time="0.0"/>
  <testcase name="testValidatesSecondStrandNotLonger" classname="HammingTest" time="0.001"/>
  <system-out><![CDATA[]]></system-out>
  <system-err><![CDATA[]]></system-err>
</testsuite>
